Build started 24.12.2015 01:35:29.
     1>Project "D:\C++ DERSLERİ - LABORATUVAR\Structs-Enum-Typedef\Structs-Enum-Typedef\Structs-Enum-Typedef.vcxproj" on node 2 (Build target(s)).
     1>ClCompile:
         C:\Program Files (x86)\Microsoft Visual Studio 12.0\VC\bin\CL.exe /c /ZI /nologo /W3 /WX- /Od /Oy- /D "WIN32" /D _DEBUG /D _CONSOLE /D "_LIB" /D "_UNICODE" /D "UNICODE" /Gm /EHsc /RTC1 /MDd /GS /fp:precise /Zc:wchar_t /Zc:forScope /Fo"Debug\\" /Fd"Debug\vc120.pdb" /Gd /TP /analyze- /errorReport:prompt "Structs-Enum-Typedef.cpp"
         Structs-Enum-Typedef.cpp
     1>d:\c++ derslerİ - laboratuvar\structs-enum-typedef\structs-enum-typedef\structs-enum-typedef.cpp(21): warning C4244: '=' : conversion from 'double' to 'float', possible loss of data
     1>d:\c++ derslerİ - laboratuvar\structs-enum-typedef\structs-enum-typedef\structs-enum-typedef.cpp(33): warning C4996: 'scanf': This function or variable may be unsafe. Consider using scanf_s instead. To disable deprecation, use _CRT_SECURE_NO_WARNINGS. See online help for details.
                 c:\program files (x86)\microsoft visual studio 12.0\vc\include\stdio.h(283) : see declaration of 'scanf'
     1>d:\c++ derslerİ - laboratuvar\structs-enum-typedef\structs-enum-typedef\structs-enum-typedef.cpp(35): warning C4996: 'scanf': This function or variable may be unsafe. Consider using scanf_s instead. To disable deprecation, use _CRT_SECURE_NO_WARNINGS. See online help for details.
                 c:\program files (x86)\microsoft visual studio 12.0\vc\include\stdio.h(283) : see declaration of 'scanf'
     1>d:\c++ derslerİ - laboratuvar\structs-enum-typedef\structs-enum-typedef\structs-enum-typedef.cpp(37): warning C4996: 'scanf': This function or variable may be unsafe. Consider using scanf_s instead. To disable deprecation, use _CRT_SECURE_NO_WARNINGS. See online help for details.
                 c:\program files (x86)\microsoft visual studio 12.0\vc\include\stdio.h(283) : see declaration of 'scanf'
     1>d:\c++ derslerİ - laboratuvar\structs-enum-typedef\structs-enum-typedef\structs-enum-typedef.cpp(39): warning C4996: 'scanf': This function or variable may be unsafe. Consider using scanf_s instead. To disable deprecation, use _CRT_SECURE_NO_WARNINGS. See online help for details.
                 c:\program files (x86)\microsoft visual studio 12.0\vc\include\stdio.h(283) : see declaration of 'scanf'
     1>d:\c++ derslerİ - laboratuvar\structs-enum-typedef\structs-enum-typedef\structs-enum-typedef.cpp(43): warning C4996: 'getch': The POSIX name for this item is deprecated. Instead, use the ISO C++ conformant name: _getch. See online help for details.
                 c:\program files (x86)\microsoft visual studio 12.0\vc\include\conio.h(131) : see declaration of 'getch'
       Link:
         C:\Program Files (x86)\Microsoft Visual Studio 12.0\VC\bin\link.exe /ERRORREPORT:PROMPT /OUT:"D:\C++ DERSLERİ - LABORATUVAR\Structs-Enum-Typedef\Debug\Structs-Enum-Typedef.exe" /INCREMENTAL /NOLOGO kernel32.lib user32.lib gdi32.lib winspool.lib comdlg32.lib advapi32.lib shell32.lib ole32.lib oleaut32.lib uuid.lib odbc32.lib odbccp32.lib /MANIFEST /MANIFESTUAC:"level='asInvoker' uiAccess='false'" /manifest:embed /DEBUG /PDB:"D:\C++ DERSLERİ - LABORATUVAR\Structs-Enum-Typedef\Debug\Structs-Enum-Typedef.pdb" /SUBSYSTEM:CONSOLE /TLBID:1 /DYNAMICBASE /NXCOMPAT /IMPLIB:"D:\C++ DERSLERİ - LABORATUVAR\Structs-Enum-Typedef\Debug\Structs-Enum-Typedef.lib" /MACHINE:X86 Debug\stdafx.obj
         "Debug\Structs-Enum-Typedef.obj"
         Structs-Enum-Typedef.vcxproj -> D:\C++ DERSLERİ - LABORATUVAR\Structs-Enum-Typedef\Debug\Structs-Enum-Typedef.exe
     1>Done Building Project "D:\C++ DERSLERİ - LABORATUVAR\Structs-Enum-Typedef\Structs-Enum-Typedef\Structs-Enum-Typedef.vcxproj" (Build target(s)).

Build succeeded.

Time Elapsed 00:00:00.33
