Build started 3.05.2016 01:19:14.
     1>Project "D:\C++ DERSLERİ - LABORATUVAR\DosyalamaOdev\ConsoleApplication1\ConsoleApplication1\ConsoleApplication1.vcxproj" on node 2 (Build target(s)).
     1>ClCompile:
         C:\Program Files (x86)\Microsoft Visual Studio 12.0\VC\bin\CL.exe /c /ZI /nologo /W3 /WX- /Od /Oy- /D "WIN32" /D _DEBUG /D _CONSOLE /D "_LIB" /D "_UNICODE" /D "UNICODE" /Gm /EHsc /RTC1 /MDd /GS /fp:precise /Zc:wchar_t /Zc:forScope /Fo"Debug\\" /Fd"Debug\vc120.pdb" /Gd /TP /analyze- /errorReport:prompt ConsoleApplication1.cpp
         ConsoleApplication1.cpp
     1>d:\c++ derslerİ - laboratuvar\dosyalamaodev\consoleapplication1\consoleapplication1\consoleapplication1.cpp(26): warning C4996: 'filelength': The POSIX name for this item is deprecated. Instead, use the ISO C++ conformant name: _filelength. See online help for details.
                 c:\program files (x86)\microsoft visual studio 12.0\vc\include\io.h(331) : see declaration of 'filelength'
     1>d:\c++ derslerİ - laboratuvar\dosyalamaodev\consoleapplication1\consoleapplication1\consoleapplication1.cpp(26): warning C4996: 'fileno': The POSIX name for this item is deprecated. Instead, use the ISO C++ conformant name: _fileno. See online help for details.
                 c:\program files (x86)\microsoft visual studio 12.0\vc\include\stdio.h(718) : see declaration of 'fileno'
     1>d:\c++ derslerİ - laboratuvar\dosyalamaodev\consoleapplication1\consoleapplication1\consoleapplication1.cpp(30): warning C4996: 'fopen': This function or variable may be unsafe. Consider using fopen_s instead. To disable deprecation, use _CRT_SECURE_NO_WARNINGS. See online help for details.
                 c:\program files (x86)\microsoft visual studio 12.0\vc\include\stdio.h(211) : see declaration of 'fopen'
     1>d:\c++ derslerİ - laboratuvar\dosyalamaodev\consoleapplication1\consoleapplication1\consoleapplication1.cpp(31): warning C4996: 'fopen': This function or variable may be unsafe. Consider using fopen_s instead. To disable deprecation, use _CRT_SECURE_NO_WARNINGS. See online help for details.
                 c:\program files (x86)\microsoft visual studio 12.0\vc\include\stdio.h(211) : see declaration of 'fopen'
     1>d:\c++ derslerİ - laboratuvar\dosyalamaodev\consoleapplication1\consoleapplication1\consoleapplication1.cpp(64): warning C4996: 'fopen': This function or variable may be unsafe. Consider using fopen_s instead. To disable deprecation, use _CRT_SECURE_NO_WARNINGS. See online help for details.
                 c:\program files (x86)\microsoft visual studio 12.0\vc\include\stdio.h(211) : see declaration of 'fopen'
     1>d:\c++ derslerİ - laboratuvar\dosyalamaodev\consoleapplication1\consoleapplication1\consoleapplication1.cpp(68): warning C4566: character represented by universal-character-name '\u00FD' cannot be represented in the current code page (1254)
     1>d:\c++ derslerİ - laboratuvar\dosyalamaodev\consoleapplication1\consoleapplication1\consoleapplication1.cpp(69): warning C4996: 'gets': This function or variable may be unsafe. Consider using gets_s instead. To disable deprecation, use _CRT_SECURE_NO_WARNINGS. See online help for details.
                 c:\program files (x86)\microsoft visual studio 12.0\vc\include\stdio.h(254) : see declaration of 'gets'
     1>d:\c++ derslerİ - laboratuvar\dosyalamaodev\consoleapplication1\consoleapplication1\consoleapplication1.cpp(78): warning C4566: character represented by universal-character-name '\u00FD' cannot be represented in the current code page (1254)
     1>d:\c++ derslerİ - laboratuvar\dosyalamaodev\consoleapplication1\consoleapplication1\consoleapplication1.cpp(79): warning C4996: 'getch': The POSIX name for this item is deprecated. Instead, use the ISO C++ conformant name: _getch. See online help for details.
                 c:\program files (x86)\microsoft visual studio 12.0\vc\include\conio.h(131) : see declaration of 'getch'
     1>d:\c++ derslerİ - laboratuvar\dosyalamaodev\consoleapplication1\consoleapplication1\consoleapplication1.cpp(86): warning C4996: 'gets': This function or variable may be unsafe. Consider using gets_s instead. To disable deprecation, use _CRT_SECURE_NO_WARNINGS. See online help for details.
                 c:\program files (x86)\microsoft visual studio 12.0\vc\include\stdio.h(254) : see declaration of 'gets'
     1>d:\c++ derslerİ - laboratuvar\dosyalamaodev\consoleapplication1\consoleapplication1\consoleapplication1.cpp(99): warning C4996: 'getch': The POSIX name for this item is deprecated. Instead, use the ISO C++ conformant name: _getch. See online help for details.
                 c:\program files (x86)\microsoft visual studio 12.0\vc\include\conio.h(131) : see declaration of 'getch'
     1>d:\c++ derslerİ - laboratuvar\dosyalamaodev\consoleapplication1\consoleapplication1\consoleapplication1.cpp(103): warning C4996: 'fopen': This function or variable may be unsafe. Consider using fopen_s instead. To disable deprecation, use _CRT_SECURE_NO_WARNINGS. See online help for details.
                 c:\program files (x86)\microsoft visual studio 12.0\vc\include\stdio.h(211) : see declaration of 'fopen'
     1>d:\c++ derslerİ - laboratuvar\dosyalamaodev\consoleapplication1\consoleapplication1\consoleapplication1.cpp(105): warning C4996: 'fopen': This function or variable may be unsafe. Consider using fopen_s instead. To disable deprecation, use _CRT_SECURE_NO_WARNINGS. See online help for details.
                 c:\program files (x86)\microsoft visual studio 12.0\vc\include\stdio.h(211) : see declaration of 'fopen'
     1>d:\c++ derslerİ - laboratuvar\dosyalamaodev\consoleapplication1\consoleapplication1\consoleapplication1.cpp(110): warning C4996: 'gets': This function or variable may be unsafe. Consider using gets_s instead. To disable deprecation, use _CRT_SECURE_NO_WARNINGS. See online help for details.
                 c:\program files (x86)\microsoft visual studio 12.0\vc\include\stdio.h(254) : see declaration of 'gets'
     1>d:\c++ derslerİ - laboratuvar\dosyalamaodev\consoleapplication1\consoleapplication1\consoleapplication1.cpp(112): warning C4996: 'gets': This function or variable may be unsafe. Consider using gets_s instead. To disable deprecation, use _CRT_SECURE_NO_WARNINGS. See online help for details.
                 c:\program files (x86)\microsoft visual studio 12.0\vc\include\stdio.h(254) : see declaration of 'gets'
     1>d:\c++ derslerİ - laboratuvar\dosyalamaodev\consoleapplication1\consoleapplication1\consoleapplication1.cpp(114): warning C4996: 'gets': This function or variable may be unsafe. Consider using gets_s instead. To disable deprecation, use _CRT_SECURE_NO_WARNINGS. See online help for details.
                 c:\program files (x86)\microsoft visual studio 12.0\vc\include\stdio.h(254) : see declaration of 'gets'
     1>d:\c++ derslerİ - laboratuvar\dosyalamaodev\consoleapplication1\consoleapplication1\consoleapplication1.cpp(116): warning C4996: 'getche': The POSIX name for this item is deprecated. Instead, use the ISO C++ conformant name: _getche. See online help for details.
                 c:\program files (x86)\microsoft visual studio 12.0\vc\include\conio.h(132) : see declaration of 'getche'
     1>d:\c++ derslerİ - laboratuvar\dosyalamaodev\consoleapplication1\consoleapplication1\consoleapplication1.cpp(120): warning C4996: 'filelength': The POSIX name for this item is deprecated. Instead, use the ISO C++ conformant name: _filelength. See online help for details.
                 c:\program files (x86)\microsoft visual studio 12.0\vc\include\io.h(331) : see declaration of 'filelength'
     1>d:\c++ derslerİ - laboratuvar\dosyalamaodev\consoleapplication1\consoleapplication1\consoleapplication1.cpp(135): warning C4996: 'fopen': This function or variable may be unsafe. Consider using fopen_s instead. To disable deprecation, use _CRT_SECURE_NO_WARNINGS. See online help for details.
                 c:\program files (x86)\microsoft visual studio 12.0\vc\include\stdio.h(211) : see declaration of 'fopen'
     1>d:\c++ derslerİ - laboratuvar\dosyalamaodev\consoleapplication1\consoleapplication1\consoleapplication1.cpp(151): warning C4996: 'getch': The POSIX name for this item is deprecated. Instead, use the ISO C++ conformant name: _getch. See online help for details.
                 c:\program files (x86)\microsoft visual studio 12.0\vc\include\conio.h(131) : see declaration of 'getch'
     1>d:\c++ derslerİ - laboratuvar\dosyalamaodev\consoleapplication1\consoleapplication1\consoleapplication1.cpp(159): warning C4996: 'getch': The POSIX name for this item is deprecated. Instead, use the ISO C++ conformant name: _getch. See online help for details.
                 c:\program files (x86)\microsoft visual studio 12.0\vc\include\conio.h(131) : see declaration of 'getch'
     1>d:\c++ derslerİ - laboratuvar\dosyalamaodev\consoleapplication1\consoleapplication1\consoleapplication1.cpp(163): warning C4996: 'fopen': This function or variable may be unsafe. Consider using fopen_s instead. To disable deprecation, use _CRT_SECURE_NO_WARNINGS. See online help for details.
                 c:\program files (x86)\microsoft visual studio 12.0\vc\include\stdio.h(211) : see declaration of 'fopen'
     1>d:\c++ derslerİ - laboratuvar\dosyalamaodev\consoleapplication1\consoleapplication1\consoleapplication1.cpp(165): warning C4566: character represented by universal-character-name '\u00FD' cannot be represented in the current code page (1254)
     1>d:\c++ derslerİ - laboratuvar\dosyalamaodev\consoleapplication1\consoleapplication1\consoleapplication1.cpp(165): warning C4996: 'gets': This function or variable may be unsafe. Consider using gets_s instead. To disable deprecation, use _CRT_SECURE_NO_WARNINGS. See online help for details.
                 c:\program files (x86)\microsoft visual studio 12.0\vc\include\stdio.h(254) : see declaration of 'gets'
     1>d:\c++ derslerİ - laboratuvar\dosyalamaodev\consoleapplication1\consoleapplication1\consoleapplication1.cpp(188): warning C4996: 'getch': The POSIX name for this item is deprecated. Instead, use the ISO C++ conformant name: _getch. See online help for details.
                 c:\program files (x86)\microsoft visual studio 12.0\vc\include\conio.h(131) : see declaration of 'getch'
     1>d:\c++ derslerİ - laboratuvar\dosyalamaodev\consoleapplication1\consoleapplication1\consoleapplication1.cpp(192): warning C4996: 'fopen': This function or variable may be unsafe. Consider using fopen_s instead. To disable deprecation, use _CRT_SECURE_NO_WARNINGS. See online help for details.
                 c:\program files (x86)\microsoft visual studio 12.0\vc\include\stdio.h(211) : see declaration of 'fopen'
     1>d:\c++ derslerİ - laboratuvar\dosyalamaodev\consoleapplication1\consoleapplication1\consoleapplication1.cpp(197): warning C4996: 'gets': This function or variable may be unsafe. Consider using gets_s instead. To disable deprecation, use _CRT_SECURE_NO_WARNINGS. See online help for details.
                 c:\program files (x86)\microsoft visual studio 12.0\vc\include\stdio.h(254) : see declaration of 'gets'
     1>d:\c++ derslerİ - laboratuvar\dosyalamaodev\consoleapplication1\consoleapplication1\consoleapplication1.cpp(220): warning C4996: 'getch': The POSIX name for this item is deprecated. Instead, use the ISO C++ conformant name: _getch. See online help for details.
                 c:\program files (x86)\microsoft visual studio 12.0\vc\include\conio.h(131) : see declaration of 'getch'
     1>d:\c++ derslerİ - laboratuvar\dosyalamaodev\consoleapplication1\consoleapplication1\consoleapplication1.cpp(224): warning C4996: 'fopen': This function or variable may be unsafe. Consider using fopen_s instead. To disable deprecation, use _CRT_SECURE_NO_WARNINGS. See online help for details.
                 c:\program files (x86)\microsoft visual studio 12.0\vc\include\stdio.h(211) : see declaration of 'fopen'
     1>d:\c++ derslerİ - laboratuvar\dosyalamaodev\consoleapplication1\consoleapplication1\consoleapplication1.cpp(229): warning C4996: 'gets': This function or variable may be unsafe. Consider using gets_s instead. To disable deprecation, use _CRT_SECURE_NO_WARNINGS. See online help for details.
                 c:\program files (x86)\microsoft visual studio 12.0\vc\include\stdio.h(254) : see declaration of 'gets'
     1>d:\c++ derslerİ - laboratuvar\dosyalamaodev\consoleapplication1\consoleapplication1\consoleapplication1.cpp(252): warning C4996: 'getch': The POSIX name for this item is deprecated. Instead, use the ISO C++ conformant name: _getch. See online help for details.
                 c:\program files (x86)\microsoft visual studio 12.0\vc\include\conio.h(131) : see declaration of 'getch'
     1>d:\c++ derslerİ - laboratuvar\dosyalamaodev\consoleapplication1\consoleapplication1\consoleapplication1.cpp(260): warning C4996: 'getche': The POSIX name for this item is deprecated. Instead, use the ISO C++ conformant name: _getche. See online help for details.
                 c:\program files (x86)\microsoft visual studio 12.0\vc\include\conio.h(132) : see declaration of 'getche'
     1>d:\c++ derslerİ - laboratuvar\dosyalamaodev\consoleapplication1\consoleapplication1\consoleapplication1.cpp(271): warning C4996: 'getch': The POSIX name for this item is deprecated. Instead, use the ISO C++ conformant name: _getch. See online help for details.
                 c:\program files (x86)\microsoft visual studio 12.0\vc\include\conio.h(131) : see declaration of 'getch'
       Link:
         C:\Program Files (x86)\Microsoft Visual Studio 12.0\VC\bin\link.exe /ERRORREPORT:PROMPT /OUT:"D:\C++ DERSLERİ - LABORATUVAR\DosyalamaOdev\ConsoleApplication1\Debug\ConsoleApplication1.exe" /INCREMENTAL /NOLOGO kernel32.lib user32.lib gdi32.lib winspool.lib comdlg32.lib advapi32.lib shell32.lib ole32.lib oleaut32.lib uuid.lib odbc32.lib odbccp32.lib /MANIFEST /MANIFESTUAC:"level='asInvoker' uiAccess='false'" /manifest:embed /DEBUG /PDB:"D:\C++ DERSLERİ - LABORATUVAR\DosyalamaOdev\ConsoleApplication1\Debug\ConsoleApplication1.pdb" /SUBSYSTEM:CONSOLE /TLBID:1 /DYNAMICBASE /NXCOMPAT /IMPLIB:"D:\C++ DERSLERİ - LABORATUVAR\DosyalamaOdev\ConsoleApplication1\Debug\ConsoleApplication1.lib" /MACHINE:X86 Debug\ConsoleApplication1.obj
         Debug\stdafx.obj
         ConsoleApplication1.vcxproj -> D:\C++ DERSLERİ - LABORATUVAR\DosyalamaOdev\ConsoleApplication1\Debug\ConsoleApplication1.exe
     1>Done Building Project "D:\C++ DERSLERİ - LABORATUVAR\DosyalamaOdev\ConsoleApplication1\ConsoleApplication1\ConsoleApplication1.vcxproj" (Build target(s)).

Build succeeded.

Time Elapsed 00:00:00.81
