Build started 24.12.2015 02:43:12.
     1>Project "D:\C++ DERSLERİ - LABORATUVAR\Ulama-KU-BU\Ulama-KU-BU\Ulama-KU-BU.vcxproj" on node 2 (Build target(s)).
     1>ClCompile:
         C:\Program Files (x86)\Microsoft Visual Studio 12.0\VC\bin\CL.exe /c /ZI /nologo /W3 /WX- /Od /Oy- /D "WIN32" /D _DEBUG /D _CONSOLE /D "_LIB" /D "_UNICODE" /D "UNICODE" /Gm /EHsc /RTC1 /MDd /GS /fp:precise /Zc:wchar_t /Zc:forScope /Fo"Debug\\" /Fd"Debug\vc120.pdb" /Gd /TP /analyze- /errorReport:prompt "Ulama-KU-BU.cpp"
         Ulama-KU-BU.cpp
     1>d:\c++ derslerİ - laboratuvar\ulama-ku-bu\ulama-ku-bu\ulama-ku-bu.cpp(16): warning C4018: '<' : signed/unsigned mismatch
     1>d:\c++ derslerİ - laboratuvar\ulama-ku-bu\ulama-ku-bu\ulama-ku-bu.cpp(35): warning C4018: '<' : signed/unsigned mismatch
     1>d:\c++ derslerİ - laboratuvar\ulama-ku-bu\ulama-ku-bu\ulama-ku-bu.cpp(12): warning C4101: 'curkelime' : unreferenced local variable
     1>d:\c++ derslerİ - laboratuvar\ulama-ku-bu\ulama-ku-bu\ulama-ku-bu.cpp(62): warning C4018: '<' : signed/unsigned mismatch
     1>d:\c++ derslerİ - laboratuvar\ulama-ku-bu\ulama-ku-bu\ulama-ku-bu.cpp(67): warning C4018: '<' : signed/unsigned mismatch
     1>d:\c++ derslerİ - laboratuvar\ulama-ku-bu\ulama-ku-bu\ulama-ku-bu.cpp(73): warning C4018: '<' : signed/unsigned mismatch
     1>d:\c++ derslerİ - laboratuvar\ulama-ku-bu\ulama-ku-bu\ulama-ku-bu.cpp(97): warning C4996: 'gets': This function or variable may be unsafe. Consider using gets_s instead. To disable deprecation, use _CRT_SECURE_NO_WARNINGS. See online help for details.
                 c:\program files (x86)\microsoft visual studio 12.0\vc\include\stdio.h(254) : see declaration of 'gets'
       Link:
         C:\Program Files (x86)\Microsoft Visual Studio 12.0\VC\bin\link.exe /ERRORREPORT:PROMPT /OUT:"D:\C++ DERSLERİ - LABORATUVAR\Ulama-KU-BU\Debug\Ulama-KU-BU.exe" /INCREMENTAL /NOLOGO kernel32.lib user32.lib gdi32.lib winspool.lib comdlg32.lib advapi32.lib shell32.lib ole32.lib oleaut32.lib uuid.lib odbc32.lib odbccp32.lib /MANIFEST /MANIFESTUAC:"level='asInvoker' uiAccess='false'" /manifest:embed /DEBUG /PDB:"D:\C++ DERSLERİ - LABORATUVAR\Ulama-KU-BU\Debug\Ulama-KU-BU.pdb" /SUBSYSTEM:CONSOLE /TLBID:1 /DYNAMICBASE /NXCOMPAT /IMPLIB:"D:\C++ DERSLERİ - LABORATUVAR\Ulama-KU-BU\Debug\Ulama-KU-BU.lib" /MACHINE:X86 Debug\stdafx.obj
         "Debug\Ulama-KU-BU.obj"
         Ulama-KU-BU.vcxproj -> D:\C++ DERSLERİ - LABORATUVAR\Ulama-KU-BU\Debug\Ulama-KU-BU.exe
     1>Done Building Project "D:\C++ DERSLERİ - LABORATUVAR\Ulama-KU-BU\Ulama-KU-BU\Ulama-KU-BU.vcxproj" (Build target(s)).

Build succeeded.

Time Elapsed 00:00:00.41
