Build started 29.03.2016 01:45:37.
     1>Project "D:\C++ PD2\LinkedListsEx1\LinkedListsEx1\LinkedListsEx1.vcxproj" on node 2 (Build target(s)).
     1>ClCompile:
         C:\Program Files (x86)\Microsoft Visual Studio 12.0\VC\bin\CL.exe /c /ZI /nologo /W3 /WX- /sdl- /Od /Oy- /D "WIN32" /D _DEBUG /D _CONSOLE /D "_LIB" /D "_UNICODE" /D "UNICODE" /Gm /EHsc /RTC1 /MDd /GS /fp:precise /Zc:wchar_t /Zc:forScope /Yu"stdafx.h" /Fp"Debug\LinkedListsEx1.pch" /Fo"Debug\\" /Fd"Debug\vc120.pdb" /Gd /TP /analyze- /errorReport:prompt LinkedListsEx1.cpp
         LinkedListsEx1.cpp
     1>d:\c++ pd2\linkedlistsex1\linkedlistsex1\linkedlistsex1.cpp(30): warning C4996: 'scanf': This function or variable may be unsafe. Consider using scanf_s instead. To disable deprecation, use _CRT_SECURE_NO_WARNINGS. See online help for details.
                 c:\program files (x86)\microsoft visual studio 12.0\vc\include\stdio.h(283) : see declaration of 'scanf'
     1>d:\c++ pd2\linkedlistsex1\linkedlistsex1\linkedlistsex1.cpp(38): warning C4996: 'scanf': This function or variable may be unsafe. Consider using scanf_s instead. To disable deprecation, use _CRT_SECURE_NO_WARNINGS. See online help for details.
                 c:\program files (x86)\microsoft visual studio 12.0\vc\include\stdio.h(283) : see declaration of 'scanf'
     1>d:\c++ pd2\linkedlistsex1\linkedlistsex1\linkedlistsex1.cpp(54): warning C4996: 'scanf': This function or variable may be unsafe. Consider using scanf_s instead. To disable deprecation, use _CRT_SECURE_NO_WARNINGS. See online help for details.
                 c:\program files (x86)\microsoft visual studio 12.0\vc\include\stdio.h(283) : see declaration of 'scanf'
     1>d:\c++ pd2\linkedlistsex1\linkedlistsex1\linkedlistsex1.cpp(71): warning C4996: 'scanf': This function or variable may be unsafe. Consider using scanf_s instead. To disable deprecation, use _CRT_SECURE_NO_WARNINGS. See online help for details.
                 c:\program files (x86)\microsoft visual studio 12.0\vc\include\stdio.h(283) : see declaration of 'scanf'
     1>d:\c++ pd2\linkedlistsex1\linkedlistsex1\linkedlistsex1.cpp(80): warning C4996: 'scanf': This function or variable may be unsafe. Consider using scanf_s instead. To disable deprecation, use _CRT_SECURE_NO_WARNINGS. See online help for details.
                 c:\program files (x86)\microsoft visual studio 12.0\vc\include\stdio.h(283) : see declaration of 'scanf'
     1>d:\c++ pd2\linkedlistsex1\linkedlistsex1\linkedlistsex1.cpp(127): warning C4996: 'scanf': This function or variable may be unsafe. Consider using scanf_s instead. To disable deprecation, use _CRT_SECURE_NO_WARNINGS. See online help for details.
                 c:\program files (x86)\microsoft visual studio 12.0\vc\include\stdio.h(283) : see declaration of 'scanf'
     1>d:\c++ pd2\linkedlistsex1\linkedlistsex1\linkedlistsex1.cpp(131): warning C4996: 'scanf': This function or variable may be unsafe. Consider using scanf_s instead. To disable deprecation, use _CRT_SECURE_NO_WARNINGS. See online help for details.
                 c:\program files (x86)\microsoft visual studio 12.0\vc\include\stdio.h(283) : see declaration of 'scanf'
     1>d:\c++ pd2\linkedlistsex1\linkedlistsex1\linkedlistsex1.cpp(136): warning C4996: 'scanf': This function or variable may be unsafe. Consider using scanf_s instead. To disable deprecation, use _CRT_SECURE_NO_WARNINGS. See online help for details.
                 c:\program files (x86)\microsoft visual studio 12.0\vc\include\stdio.h(283) : see declaration of 'scanf'
     1>d:\c++ pd2\linkedlistsex1\linkedlistsex1\linkedlistsex1.cpp(149): warning C4996: 'getch': The POSIX name for this item is deprecated. Instead, use the ISO C++ conformant name: _getch. See online help for details.
                 c:\program files (x86)\microsoft visual studio 12.0\vc\include\conio.h(131) : see declaration of 'getch'
       Link:
         C:\Program Files (x86)\Microsoft Visual Studio 12.0\VC\bin\link.exe /ERRORREPORT:PROMPT /OUT:"D:\C++ PD2\LinkedListsEx1\Debug\LinkedListsEx1.exe" /INCREMENTAL /NOLOGO kernel32.lib user32.lib gdi32.lib winspool.lib comdlg32.lib advapi32.lib shell32.lib ole32.lib oleaut32.lib uuid.lib odbc32.lib odbccp32.lib /MANIFEST /MANIFESTUAC:"level='asInvoker' uiAccess='false'" /manifest:embed /DEBUG /PDB:"D:\C++ PD2\LinkedListsEx1\Debug\LinkedListsEx1.pdb" /SUBSYSTEM:CONSOLE /TLBID:1 /DYNAMICBASE /NXCOMPAT /IMPLIB:"D:\C++ PD2\LinkedListsEx1\Debug\LinkedListsEx1.lib" /MACHINE:X86 Debug\LinkedListsEx1.obj
         Debug\stdafx.obj
         LinkedListsEx1.vcxproj -> D:\C++ PD2\LinkedListsEx1\Debug\LinkedListsEx1.exe
     1>Done Building Project "D:\C++ PD2\LinkedListsEx1\LinkedListsEx1\LinkedListsEx1.vcxproj" (Build target(s)).

Build succeeded.

Time Elapsed 00:00:00.37
