Build started 26.12.2015 05:27:47.
     1>Project "D:\C++ DERSLERİ - LABORATUVAR\DataStructureOdev\DataStructureOdev\DataStructureOdev.vcxproj" on node 2 (Build target(s)).
     1>ClCompile:
         C:\Program Files (x86)\Microsoft Visual Studio 12.0\VC\bin\CL.exe /c /Zi /nologo /W3 /WX- /O2 /Oi /Oy- /GL /D "WIN32" /D NDEBUG /D _CONSOLE /D "_LIB" /D "_USING_V110_SDK71_" /D "_UNICODE" /D "UNICODE" /Gm- /EHsc /MT /GS /Gy /fp:precise /Zc:wchar_t /Zc:forScope /Fo"Release\\" /Fd"Release\vc120.pdb" /Gd /TP /analyze- /errorReport:prompt DataStructureOdev.cpp
         DataStructureOdev.cpp
     1>DataStructureOdev.cpp(21): warning C4996: 'fopen': This function or variable may be unsafe. Consider using fopen_s instead. To disable deprecation, use _CRT_SECURE_NO_WARNINGS. See online help for details.
                 C:\Program Files (x86)\Microsoft Visual Studio 12.0\VC\include\stdio.h(211) : see declaration of 'fopen'
     1>DataStructureOdev.cpp(40): warning C4996: 'strtok': This function or variable may be unsafe. Consider using strtok_s instead. To disable deprecation, use _CRT_SECURE_NO_WARNINGS. See online help for details.
                 C:\Program Files (x86)\Microsoft Visual Studio 12.0\VC\include\string.h(204) : see declaration of 'strtok'
     1>DataStructureOdev.cpp(47): warning C4018: '<' : signed/unsigned mismatch
     1>DataStructureOdev.cpp(57): warning C4996: 'strtok': This function or variable may be unsafe. Consider using strtok_s instead. To disable deprecation, use _CRT_SECURE_NO_WARNINGS. See online help for details.
                 C:\Program Files (x86)\Microsoft Visual Studio 12.0\VC\include\string.h(204) : see declaration of 'strtok'
     1>DataStructureOdev.cpp(121): warning C4996: 'getch': The POSIX name for this item is deprecated. Instead, use the ISO C++ conformant name: _getch. See online help for details.
                 C:\Program Files (x86)\Microsoft Visual Studio 12.0\VC\include\conio.h(131) : see declaration of 'getch'
       Link:
         C:\Program Files (x86)\Microsoft Visual Studio 12.0\VC\bin\link.exe /ERRORREPORT:PROMPT /OUT:"D:\C++ DERSLERİ - LABORATUVAR\DataStructureOdev\Release\DataStructureOdev.exe" /INCREMENTAL:NO /NOLOGO kernel32.lib user32.lib gdi32.lib winspool.lib comdlg32.lib advapi32.lib shell32.lib ole32.lib oleaut32.lib uuid.lib odbc32.lib odbccp32.lib /MANIFEST /MANIFESTUAC:"level='asInvoker' uiAccess='false'" /manifest:embed /DEBUG /PDB:"D:\C++ DERSLERİ - LABORATUVAR\DataStructureOdev\Release\DataStructureOdev.pdb" /SUBSYSTEM:CONSOLE,"5.01" /OPT:REF /OPT:ICF /LTCG /TLBID:1 /DYNAMICBASE /NXCOMPAT /IMPLIB:"D:\C++ DERSLERİ - LABORATUVAR\DataStructureOdev\Release\DataStructureOdev.lib" /MACHINE:X86 /SAFESEH Release\DataStructureOdev.obj
         Release\stdafx.obj
         Generating code
         Finished generating code
         DataStructureOdev.vcxproj -> D:\C++ DERSLERİ - LABORATUVAR\DataStructureOdev\Release\DataStructureOdev.exe
     1>Done Building Project "D:\C++ DERSLERİ - LABORATUVAR\DataStructureOdev\DataStructureOdev\DataStructureOdev.vcxproj" (Build target(s)).

Build succeeded.

Time Elapsed 00:00:00.87
